<?xml version="1.0" encoding="UTF-8"?>
<!-- Generated by org.testng.reporters.JUnitXMLReporter -->
<testsuite ignored="0" hostname="DESKTOP-SSHDTPK" failures="0" tests="2" name=" homeTest" time="3.276" errors="0" timestamp="2020-02-27T20:27:15 PST">
  <testcase classname="academy.HomePage" name="@BeforeTest Init" time="3.263">
    <failure type="org.openqa.selenium.SessionNotCreatedException" message="session not created: This version of ChromeDriver only supports Chrome version 78
Build info: version: &amp;apos;3.141.59&amp;apos;, revision: &amp;apos;e82be7d358&amp;apos;, time: &amp;apos;2018-11-14T08:17:03&amp;apos;
System info: host: &amp;apos;DESKTOP-SSHDTPK&amp;apos;, ip: &amp;apos;192.168.0.113&amp;apos;, os.name: &amp;apos;Windows 10&amp;apos;, os.arch: &amp;apos;amd64&amp;apos;, os.version: &amp;apos;10.0&amp;apos;, java.version: &amp;apos;11.0.5&amp;apos;
Driver info: driver.version: ChromeDriver
remote stacktrace: Backtrace:
	Ordinal0 [0x0032A903+1550595]
	Ordinal0 [0x002AA701+1025793]
	Ordinal0 [0x0022C6E5+509669]
	Ordinal0 [0x001BFC68+64616]
	Ordinal0 [0x001BC594+50580]
	Ordinal0 [0x001DACE7+175335]
	Ordinal0 [0x001DA8ED+174317]
	Ordinal0 [0x001D8CDB+167131]
	Ordinal0 [0x001C144A+70730]
	Ordinal0 [0x001C24D0+74960]
	Ordinal0 [0x001C2469+74857]
	Ordinal0 [0x002C42C7+1131207]
	GetHandleVerifier [0x003C70FD+523789]
	GetHandleVerifier [0x003C6E90+523168]
	GetHandleVerifier [0x003CE1E7+552695]
	GetHandleVerifier [0x003C78FA+525834]
	Ordinal0 [0x002BB7FC+1095676]
	Ordinal0 [0x002C633B+1139515]
	Ordinal0 [0x002C64A3+1139875]
	Ordinal0 [0x002C5425+1135653]
	BaseThreadInitThunk [0x76428494+36]
	RtlAreBitsSet [0x770141C8+136]
	RtlAreBitsSet [0x77014198+88]
">
      <![CDATA[org.openqa.selenium.SessionNotCreatedException: session not created: This version of ChromeDriver only supports Chrome version 78
Build info: version: '3.141.59', revision: 'e82be7d358', time: '2018-11-14T08:17:03'
System info: host: 'DESKTOP-SSHDTPK', ip: '192.168.0.113', os.name: 'Windows 10', os.arch: 'amd64', os.version: '10.0', java.version: '11.0.5'
Driver info: driver.version: ChromeDriver
remote stacktrace: Backtrace:
Ordinal0 [0x0032A903+1550595]
Ordinal0 [0x002AA701+1025793]
Ordinal0 [0x0022C6E5+509669]
Ordinal0 [0x001BFC68+64616]
Ordinal0 [0x001BC594+50580]
Ordinal0 [0x001DACE7+175335]
Ordinal0 [0x001DA8ED+174317]
Ordinal0 [0x001D8CDB+167131]
Ordinal0 [0x001C144A+70730]
Ordinal0 [0x001C24D0+74960]
Ordinal0 [0x001C2469+74857]
Ordinal0 [0x002C42C7+1131207]
GetHandleVerifier [0x003C70FD+523789]
GetHandleVerifier [0x003C6E90+523168]
GetHandleVerifier [0x003CE1E7+552695]
GetHandleVerifier [0x003C78FA+525834]
Ordinal0 [0x002BB7FC+1095676]
Ordinal0 [0x002C633B+1139515]
Ordinal0 [0x002C64A3+1139875]
Ordinal0 [0x002C5425+1135653]
BaseThreadInitThunk [0x76428494+36]
RtlAreBitsSet [0x770141C8+136]
RtlAreBitsSet [0x77014198+88]

at org.openqa.selenium.remote.W3CHandshakeResponse.lambda$errorHandler$0(W3CHandshakeResponse.java:62)
at org.openqa.selenium.remote.HandshakeResponse.lambda$getResponseFunction$0(HandshakeResponse.java:30)
at org.openqa.selenium.remote.ProtocolHandshake.lambda$createSession$0(ProtocolHandshake.java:126)
at java.base/java.util.stream.ReferencePipeline$3$1.accept(ReferencePipeline.java:195)
at java.base/java.util.Spliterators$ArraySpliterator.tryAdvance(Spliterators.java:958)
at java.base/java.util.stream.ReferencePipeline.forEachWithCancel(ReferencePipeline.java:127)
at java.base/java.util.stream.AbstractPipeline.copyIntoWithCancel(AbstractPipeline.java:502)
at java.base/java.util.stream.AbstractPipeline.copyInto(AbstractPipeline.java:488)
at java.base/java.util.stream.AbstractPipeline.wrapAndCopyInto(AbstractPipeline.java:474)
at java.base/java.util.stream.FindOps$FindOp.evaluateSequential(FindOps.java:150)
at java.base/java.util.stream.AbstractPipeline.evaluate(AbstractPipeline.java:234)
at java.base/java.util.stream.ReferencePipeline.findFirst(ReferencePipeline.java:543)
at org.openqa.selenium.remote.ProtocolHandshake.createSession(ProtocolHandshake.java:128)
at org.openqa.selenium.remote.ProtocolHandshake.createSession(ProtocolHandshake.java:74)
at org.openqa.selenium.remote.HttpCommandExecutor.execute(HttpCommandExecutor.java:136)
at org.openqa.selenium.remote.service.DriverCommandExecutor.execute(DriverCommandExecutor.java:83)
at org.openqa.selenium.remote.RemoteWebDriver.execute(RemoteWebDriver.java:552)
at org.openqa.selenium.remote.RemoteWebDriver.startSession(RemoteWebDriver.java:213)
at org.openqa.selenium.remote.RemoteWebDriver.<init>(RemoteWebDriver.java:131)
at org.openqa.selenium.chrome.ChromeDriver.<init>(ChromeDriver.java:181)
at org.openqa.selenium.chrome.ChromeDriver.<init>(ChromeDriver.java:168)
at org.openqa.selenium.chrome.ChromeDriver.<init>(ChromeDriver.java:157)
at Resource.Base.intializeDriver(Base.java:46)
at academy.HomePage.Init(HomePage.java:19)
... Removed 32 stack frames]]>
    </failure>
  </testcase> <!-- @BeforeTest Init -->
  <testcase classname="academy.HomePage" name="@AfterTest Terminate" time="-1.582864035831E9">
    <skipped/>
  </testcase> <!-- @AfterTest Terminate -->
  <testcase classname="academy.HomePage" name="basePageNavigator" time="0.0">
    <skipped/>
  </testcase> <!-- basePageNavigator -->
  <testcase classname="academy.HomePage" name="basePageNavigator" time="0.0">
    <skipped/>
  </testcase> <!-- basePageNavigator -->
</testsuite> <!--  homeTest -->
