<?xml version="1.0" encoding="UTF-8"?>
<!-- Generated by org.testng.reporters.JUnitReportReporter -->
<testsuite hostname="DESKTOP-SSHDTPK" failures="0" tests="3" name="academy.validatePage" time="4.697" errors="1" timestamp="2020-02-27T20:27:15 PST" skipped="2">
  <testcase classname="academy.validatePage" name="basePageNavigator" time="0.000">
    <skipped/>
  </testcase> <!-- basePageNavigator -->
  <testcase classname="academy.validatePage" name="validateHeader" time="0.000">
    <skipped/>
  </testcase> <!-- validateHeader -->
  <testcase classname="academy.validatePage" name="Init" time="4.697">
    <error message="session not created: This version of ChromeDriver only supports Chrome version 78
Build info: version: &#039;3.141.59&#039;, revision: &#039;e82be7d358&#039;, time: &#039;2018-11-14T08:17:03&#039;
System info: host: &#039;DESKTOP-SSHDTPK&#039;, ip: &#039;192.168.0.113&#039;, os.name: &#039;Windows 10&#039;, os.arch: &#039;amd64&#039;, os.version: &#039;10.0&#039;, java.version: &#039;11.0.5&#039;
Driver info: driver.version: ChromeDriver
remote stacktrace: Backtrace:
	Ordinal0 [0x0032A903+1550595]
	Ordinal0 [0x002AA701+1025793]
	Ordinal0 [0x0022C6E5+509669]
	Ordinal0 [0x001BFC68+64616]
	Ordinal0 [0x001BC594+50580]
	Ordinal0 [0x001DACE7+175335]
	Ordinal0 [0x001DA8ED+174317]
	Ordinal0 [0x001D8CDB+167131]
	Ordinal0 [0x001C144A+70730]
	Ordinal0 [0x001C24D0+74960]
	Ordinal0 [0x001C2469+74857]
	Ordinal0 [0x002C42C7+1131207]
	GetHandleVerifier [0x003C70FD+523789]
	GetHandleVerifier [0x003C6E90+523168]
	GetHandleVerifier [0x003CE1E7+552695]
	GetHandleVerifier [0x003C78FA+525834]
	Ordinal0 [0x002BB7FC+1095676]
	Ordinal0 [0x002C633B+1139515]
	Ordinal0 [0x002C64A3+1139875]
	Ordinal0 [0x002C5425+1135653]
	BaseThreadInitThunk [0x76428494+36]
	RtlAreBitsSet [0x770141C8+136]
	RtlAreBitsSet [0x77014198+88]
" type="org.openqa.selenium.SessionNotCreatedException">
      <![CDATA[org.openqa.selenium.SessionNotCreatedException: session not created: This version of ChromeDriver only supports Chrome version 78
Build info: version: '3.141.59', revision: 'e82be7d358', time: '2018-11-14T08:17:03'
System info: host: 'DESKTOP-SSHDTPK', ip: '192.168.0.113', os.name: 'Windows 10', os.arch: 'amd64', os.version: '10.0', java.version: '11.0.5'
Driver info: driver.version: ChromeDriver
remote stacktrace: Backtrace:
Ordinal0 [0x0032A903+1550595]
Ordinal0 [0x002AA701+1025793]
Ordinal0 [0x0022C6E5+509669]
Ordinal0 [0x001BFC68+64616]
Ordinal0 [0x001BC594+50580]
Ordinal0 [0x001DACE7+175335]
Ordinal0 [0x001DA8ED+174317]
Ordinal0 [0x001D8CDB+167131]
Ordinal0 [0x001C144A+70730]
Ordinal0 [0x001C24D0+74960]
Ordinal0 [0x001C2469+74857]
Ordinal0 [0x002C42C7+1131207]
GetHandleVerifier [0x003C70FD+523789]
GetHandleVerifier [0x003C6E90+523168]
GetHandleVerifier [0x003CE1E7+552695]
GetHandleVerifier [0x003C78FA+525834]
Ordinal0 [0x002BB7FC+1095676]
Ordinal0 [0x002C633B+1139515]
Ordinal0 [0x002C64A3+1139875]
Ordinal0 [0x002C5425+1135653]
BaseThreadInitThunk [0x76428494+36]
RtlAreBitsSet [0x770141C8+136]
RtlAreBitsSet [0x77014198+88]

at java.base/jdk.internal.reflect.NativeConstructorAccessorImpl.newInstance0(Native Method)
at java.base/jdk.internal.reflect.NativeConstructorAccessorImpl.newInstance(NativeConstructorAccessorImpl.java:62)
at java.base/jdk.internal.reflect.DelegatingConstructorAccessorImpl.newInstance(DelegatingConstructorAccessorImpl.java:45)
at java.base/java.lang.reflect.Constructor.newInstance(Constructor.java:490)
at org.openqa.selenium.remote.W3CHandshakeResponse.lambda$errorHandler$0(W3CHandshakeResponse.java:62)
at org.openqa.selenium.remote.HandshakeResponse.lambda$getResponseFunction$0(HandshakeResponse.java:30)
at org.openqa.selenium.remote.ProtocolHandshake.lambda$createSession$0(ProtocolHandshake.java:126)
at java.base/java.util.stream.ReferencePipeline$3$1.accept(ReferencePipeline.java:195)
at java.base/java.util.Spliterators$ArraySpliterator.tryAdvance(Spliterators.java:958)
at java.base/java.util.stream.ReferencePipeline.forEachWithCancel(ReferencePipeline.java:127)
at java.base/java.util.stream.AbstractPipeline.copyIntoWithCancel(AbstractPipeline.java:502)
at java.base/java.util.stream.AbstractPipeline.copyInto(AbstractPipeline.java:488)
at java.base/java.util.stream.AbstractPipeline.wrapAndCopyInto(AbstractPipeline.java:474)
at java.base/java.util.stream.FindOps$FindOp.evaluateSequential(FindOps.java:150)
at java.base/java.util.stream.AbstractPipeline.evaluate(AbstractPipeline.java:234)
at java.base/java.util.stream.ReferencePipeline.findFirst(ReferencePipeline.java:543)
at org.openqa.selenium.remote.ProtocolHandshake.createSession(ProtocolHandshake.java:128)
at org.openqa.selenium.remote.ProtocolHandshake.createSession(ProtocolHandshake.java:74)
at org.openqa.selenium.remote.HttpCommandExecutor.execute(HttpCommandExecutor.java:136)
at org.openqa.selenium.remote.service.DriverCommandExecutor.execute(DriverCommandExecutor.java:83)
at org.openqa.selenium.remote.RemoteWebDriver.execute(RemoteWebDriver.java:552)
at org.openqa.selenium.remote.RemoteWebDriver.startSession(RemoteWebDriver.java:213)
at org.openqa.selenium.remote.RemoteWebDriver.<init>(RemoteWebDriver.java:131)
at org.openqa.selenium.chrome.ChromeDriver.<init>(ChromeDriver.java:181)
at org.openqa.selenium.chrome.ChromeDriver.<init>(ChromeDriver.java:168)
at org.openqa.selenium.chrome.ChromeDriver.<init>(ChromeDriver.java:157)
at Resource.Base.intializeDriver(Base.java:46)
at academy.validatePage.Init(validatePage.java:22)
at java.base/jdk.internal.reflect.NativeMethodAccessorImpl.invoke0(Native Method)
at java.base/jdk.internal.reflect.NativeMethodAccessorImpl.invoke(NativeMethodAccessorImpl.java:62)
at java.base/jdk.internal.reflect.DelegatingMethodAccessorImpl.invoke(DelegatingMethodAccessorImpl.java:43)
at java.base/java.lang.reflect.Method.invoke(Method.java:566)
at org.testng.internal.MethodInvocationHelper.invokeMethod(MethodInvocationHelper.java:133)
at org.testng.internal.MethodInvocationHelper.invokeMethodConsideringTimeout(MethodInvocationHelper.java:62)
at org.testng.internal.ConfigInvoker.invokeConfigurationMethod(ConfigInvoker.java:340)
at org.testng.internal.ConfigInvoker.invokeConfigurations(ConfigInvoker.java:294)
at org.testng.TestRunner.invokeTestConfigurations(TestRunner.java:623)
at org.testng.TestRunner.beforeRun(TestRunner.java:613)
at org.testng.TestRunner.run(TestRunner.java:584)
at org.testng.SuiteRunner.runTest(SuiteRunner.java:402)
at org.testng.SuiteRunner.runSequentially(SuiteRunner.java:396)
at org.testng.SuiteRunner.privateRun(SuiteRunner.java:355)
at org.testng.SuiteRunner.run(SuiteRunner.java:304)
at org.testng.SuiteRunnerWorker.runSuite(SuiteRunnerWorker.java:53)
at org.testng.SuiteRunnerWorker.run(SuiteRunnerWorker.java:96)
at org.testng.TestNG.runSuitesSequentially(TestNG.java:1180)
at org.testng.TestNG.runSuitesLocally(TestNG.java:1102)
at org.testng.TestNG.runSuites(TestNG.java:1032)
at org.testng.TestNG.run(TestNG.java:1000)
at org.apache.maven.surefire.testng.TestNGExecutor.run(TestNGExecutor.java:283)
at org.apache.maven.surefire.testng.TestNGXmlTestSuite.execute(TestNGXmlTestSuite.java:75)
at org.apache.maven.surefire.testng.TestNGProvider.invoke(TestNGProvider.java:120)
at org.apache.maven.surefire.booter.ForkedBooter.runSuitesInProcess(ForkedBooter.java:377)
at org.apache.maven.surefire.booter.ForkedBooter.execute(ForkedBooter.java:138)
at org.apache.maven.surefire.booter.ForkedBooter.run(ForkedBooter.java:465)
at org.apache.maven.surefire.booter.ForkedBooter.main(ForkedBooter.java:451)
]]>
    </error>
  </testcase> <!-- Init -->
</testsuite> <!-- academy.validatePage -->
